
C:\Users\user\workflow-user-stories\workflow-service>set JAVA_HOME=C:\Program Files\Microsoft\jdk-17.0.17.10-hotspot 
[INFO] Scanning for projects...
[INFO] 
[INFO] -------------------< com.workflow:workflow-service >--------------------
[INFO] Building workflow-service 1.0.0-SNAPSHOT
[INFO]   from pom.xml
[INFO] --------------------------------[ jar ]---------------------------------
[INFO] 
[INFO] --- resources:3.3.1:resources (default-resources) @ workflow-service ---
[INFO] Copying 1 resource from src\main\resources to target\classes
[INFO] Copying 0 resource from src\main\resources to target\classes
[INFO] 
[INFO] --- compiler:3.11.0:compile (default-compile) @ workflow-service ---
[INFO] Nothing to compile - all classes are up to date
[INFO] 
[INFO] --- resources:3.3.1:testResources (default-testResources) @ workflow-service ---
[INFO] Copying 1 resource from src\test\resources to target\test-classes
[INFO] 
[INFO] --- compiler:3.11.0:testCompile (default-testCompile) @ workflow-service ---
[INFO] Changes detected - recompiling the module! :source
[INFO] Compiling 8 source files with javac [debug release 17] to target\test-classes
[INFO] -------------------------------------------------------------
[ERROR] COMPILATION ERROR : 
[INFO] -------------------------------------------------------------
[ERROR] /c:/Users/user/workflow-user-stories/workflow-service/src/test/java/com/workflow/service/GlobalGraphTest.java:[6,35] cannot find symbol
  symbol:   class Workflow
  location: package com.workflow.service.entity
[ERROR] /c:/Users/user/workflow-user-stories/workflow-service/src/test/java/com/workflow/service/GlobalGraphTest.java:[8,39] cannot find symbol
  symbol:   class WorkflowRepository
  location: package com.workflow.service.repository
[ERROR] /c:/Users/user/workflow-user-stories/workflow-service/src/test/java/com/workflow/service/GlobalGraphTest.java:[33,13] cannot find symbol
  symbol:   class WorkflowRepository
  location: class com.workflow.service.GlobalGraphTest
[ERROR] /c:/Users/user/workflow-user-stories/workflow-service/src/test/java/com/workflow/service/WorkflowExportImportTest.java:[5,35] cannot find symbol
  symbol:   class Workflow
  location: package com.workflow.service.entity
[ERROR] /c:/Users/user/workflow-user-stories/workflow-service/src/test/java/com/workflow/service/WorkflowExportImportTest.java:[7,39] cannot find symbol
  symbol:   class WorkflowRepository
  location: package com.workflow.service.repository
[ERROR] /c:/Users/user/workflow-user-stories/workflow-service/src/test/java/com/workflow/service/WorkflowExportImportTest.java:[28,13] cannot find symbol
  symbol:   class WorkflowRepository
  location: class com.workflow.service.WorkflowExportImportTest
[INFO] 6 errors 
[INFO] -------------------------------------------------------------
[INFO] ------------------------------------------------------------------------
[INFO] BUILD FAILURE
[INFO] ------------------------------------------------------------------------
[INFO] Total time:  8.295 s
[INFO] Finished at: 2026-01-06T23:16:10+05:30
[INFO] ------------------------------------------------------------------------
[ERROR] Failed to execute goal org.apache.maven.plugins:maven-compiler-plugin:3.11.0:testCompile (default-testCompile) on project workflow-service: Compilation failure: Compilation failure: 
[ERROR] /c:/Users/user/workflow-user-stories/workflow-service/src/test/java/com/workflow/service/GlobalGraphTest.java:[6,35] cannot find symbol
[ERROR]   symbol:   class Workflow
[ERROR]   location: package com.workflow.service.entity
[ERROR] /c:/Users/user/workflow-user-stories/workflow-service/src/test/java/com/workflow/service/GlobalGraphTest.java:[8,39] cannot find symbol
[ERROR]   symbol:   class WorkflowRepository
[ERROR]   location: package com.workflow.service.repository
[ERROR] /c:/Users/user/workflow-user-stories/workflow-service/src/test/java/com/workflow/service/GlobalGraphTest.java:[33,13] cannot find symbol
[ERROR]   symbol:   class WorkflowRepository
[ERROR]   location: class com.workflow.service.GlobalGraphTest
[ERROR] /c:/Users/user/workflow-user-stories/workflow-service/src/test/java/com/workflow/service/WorkflowExportImportTest.java:[5,35] cannot find symbol
[ERROR]   symbol:   class Workflow
[ERROR]   location: package com.workflow.service.entity
[ERROR] /c:/Users/user/workflow-user-stories/workflow-service/src/test/java/com/workflow/service/WorkflowExportImportTest.java:[7,39] cannot find symbol
[ERROR]   symbol:   class WorkflowRepository
[ERROR]   location: package com.workflow.service.repository
[ERROR] /c:/Users/user/workflow-user-stories/workflow-service/src/test/java/com/workflow/service/WorkflowExportImportTest.java:[28,13] cannot find symbol
[ERROR]   symbol:   class WorkflowRepository
[ERROR]   location: class com.workflow.service.WorkflowExportImportTest
[ERROR] -> [Help 1]
[ERROR] 
[ERROR] To see the full stack trace of the errors, re-run Maven with the -e switch.
[ERROR] Re-run Maven using the -X switch to enable full debug logging.
[ERROR] 
[ERROR] For more information about the errors and possible solutions, please read the following articles:
[ERROR] [Help 1] http://cwiki.apache.org/confluence/display/MAVEN/MojoFailureException
